<?xml version="1.0" encoding="UTF-8"?>
<!-- Generated by org.testng.reporters.JUnitReportReporter -->
<testsuite skipped="0" hostname="WINCTRL-GH0FDE6" name="com.opencart.selenium.test.RemoveProd" tests="1" failures="0" timestamp="10 May 2021 10:11:12 GMT" time="15.416" errors="0">
  <testcase name="removeProduct" time="15.416" classname="com.opencart.selenium.test.RemoveProd"/>
</testsuite> <!-- com.opencart.selenium.test.RemoveProd -->
