<?xml version="1.0" encoding="UTF-8"?>
<!-- Generated by org.testng.reporters.JUnitReportReporter -->
<testsuite skipped="0" hostname="WINCTRL-GH0FDE6" name="com.opencart.selenium.test.CreatingAcnt" tests="1" failures="0" timestamp="15 May 2021 06:24:55 GMT" time="4.102" errors="0">
  <testcase name="creatingAcnt" time="4.102" classname="com.opencart.selenium.test.CreatingAcnt"/>
</testsuite> <!-- com.opencart.selenium.test.CreatingAcnt -->
