<?xml version="1.0" encoding="UTF-8"?>
<!-- Generated by org.testng.reporters.JUnitReportReporter -->
<testsuite skipped="0" hostname="WINCTRL-GH0FDE6" name="com.opencart.selenium.test.ProductAvail" tests="1" failures="0" timestamp="10 May 2021 09:32:05 GMT" time="16.234" errors="0">
  <testcase name="creatingAcnt" time="16.234" classname="com.opencart.selenium.test.ProductAvail"/>
</testsuite> <!-- com.opencart.selenium.test.ProductAvail -->
