<?xml version="1.0" encoding="UTF-8"?>
<!-- Generated by org.testng.reporters.JUnitReportReporter -->
<testsuite skipped="0" hostname="WINCTRL-GH0FDE6" name="com.opencart.selenium.test.RegistrationFail" tests="1" failures="0" timestamp="10 May 2021 06:37:24 GMT" time="4.966" errors="0">
  <testcase name="creatingAcnt" time="4.966" classname="com.opencart.selenium.test.RegistrationFail"/>
</testsuite> <!-- com.opencart.selenium.test.RegistrationFail -->
